2017-11-05 13:21:16.163  INFO 1496 --- [main] c.e.t.TbspringbootApplication            : Starting TbspringbootApplication on Tu-PC with PID 1496 (started by Tu in D:\IntelliJ IDEA\tbspringboot)
2017-11-05 13:21:16.163  INFO 1496 --- [main] c.e.t.TbspringbootApplication            : No active profile set, falling back to default profiles: default
2017-11-05 13:21:16.210  INFO 1496 --- [main] ationConfigEmbeddedWebApplicationContext : Refreshing org.springframework.boot.context.embedded.AnnotationConfigEmbeddedWebApplicationContext@49c386c8: startup date [Sun Nov 05 13:21:16 CST 2017]; root of context hierarchy
2017-11-05 13:21:17.302  INFO 1496 --- [main] s.b.c.e.t.TomcatEmbeddedServletContainer : Tomcat initialized with port(s): 9090 (http)
2017-11-05 13:21:17.318  INFO 1496 --- [main] o.apache.catalina.core.StandardService   : Starting service [Tomcat]
2017-11-05 13:21:17.318  INFO 1496 --- [main] org.apache.catalina.core.StandardEngine  : Starting Servlet Engine: Apache Tomcat/8.5.23
2017-11-05 13:21:17.380  INFO 1496 --- [localhost-startStop-1] o.a.c.c.C.[.[localhost].[/helloboot]     : Initializing Spring embedded WebApplicationContext
2017-11-05 13:21:17.380  INFO 1496 --- [localhost-startStop-1] o.s.web.context.ContextLoader            : Root WebApplicationContext: initialization completed in 1170 ms
2017-11-05 13:21:17.474  INFO 1496 --- [localhost-startStop-1] o.s.b.w.servlet.ServletRegistrationBean  : Mapping servlet: 'dispatcherServlet' to [/]
2017-11-05 13:21:17.489  INFO 1496 --- [localhost-startStop-1] o.s.b.w.servlet.FilterRegistrationBean   : Mapping filter: 'characterEncodingFilter' to: [/*]
2017-11-05 13:21:17.489  INFO 1496 --- [localhost-startStop-1] o.s.b.w.servlet.FilterRegistrationBean   : Mapping filter: 'hiddenHttpMethodFilter' to: [/*]
2017-11-05 13:21:17.489  INFO 1496 --- [localhost-startStop-1] o.s.b.w.servlet.FilterRegistrationBean   : Mapping filter: 'httpPutFormContentFilter' to: [/*]
2017-11-05 13:21:17.489  INFO 1496 --- [localhost-startStop-1] o.s.b.w.servlet.FilterRegistrationBean   : Mapping filter: 'requestContextFilter' to: [/*]
2017-11-05 13:21:17.739  INFO 1496 --- [main] s.w.s.m.m.a.RequestMappingHandlerAdapter : Looking for @ControllerAdvice: org.springframework.boot.context.embedded.AnnotationConfigEmbeddedWebApplicationContext@49c386c8: startup date [Sun Nov 05 13:21:16 CST 2017]; root of context hierarchy
2017-11-05 13:21:17.786  INFO 1496 --- [main] s.w.s.m.m.a.RequestMappingHandlerMapping : Mapped "{[/author]}" onto public java.lang.String com.example.tbspringboot.controller.AuthorController.index()
2017-11-05 13:21:17.786  INFO 1496 --- [main] s.w.s.m.m.a.RequestMappingHandlerMapping : Mapped "{[/hello]}" onto public java.lang.String com.example.tbspringboot.TbspringbootApplication$HelloWorldController.helloWorld()
2017-11-05 13:21:17.786  INFO 1496 --- [main] s.w.s.m.m.a.RequestMappingHandlerMapping : Mapped "{[/error]}" onto public org.springframework.http.ResponseEntity<java.util.Map<java.lang.String, java.lang.Object>> org.springframework.boot.autoconfigure.web.BasicErrorController.error(javax.servlet.http.HttpServletRequest)
2017-11-05 13:21:17.786  INFO 1496 --- [main] s.w.s.m.m.a.RequestMappingHandlerMapping : Mapped "{[/error],produces=[text/html]}" onto public org.springframework.web.servlet.ModelAndView org.springframework.boot.autoconfigure.web.BasicErrorController.errorHtml(javax.servlet.http.HttpServletRequest,javax.servlet.http.HttpServletResponse)
2017-11-05 13:21:17.801  INFO 1496 --- [main] o.s.w.s.handler.SimpleUrlHandlerMapping  : Mapped URL path [/webjars/**] onto handler of type [class org.springframework.web.servlet.resource.ResourceHttpRequestHandler]
2017-11-05 13:21:17.801  INFO 1496 --- [main] o.s.w.s.handler.SimpleUrlHandlerMapping  : Mapped URL path [/**] onto handler of type [class org.springframework.web.servlet.resource.ResourceHttpRequestHandler]
2017-11-05 13:21:17.833  INFO 1496 --- [main] o.s.w.s.handler.SimpleUrlHandlerMapping  : Mapped URL path [/**/favicon.ico] onto handler of type [class org.springframework.web.servlet.resource.ResourceHttpRequestHandler]
2017-11-05 13:21:17.911  INFO 1496 --- [main] o.s.j.e.a.AnnotationMBeanExporter        : Registering beans for JMX exposure on startup
2017-11-05 13:21:17.957  INFO 1496 --- [main] s.b.c.e.t.TomcatEmbeddedServletContainer : Tomcat started on port(s): 9090 (http)
2017-11-05 13:21:17.957  INFO 1496 --- [main] c.e.t.TbspringbootApplication            : Started TbspringbootApplication in 2.106 seconds (JVM running for 2.862)
2017-11-05 13:21:24.416  INFO 1496 --- [http-nio-9090-exec-1] o.a.c.c.C.[.[localhost].[/helloboot]     : Initializing Spring FrameworkServlet 'dispatcherServlet'
2017-11-05 13:21:24.416  INFO 1496 --- [http-nio-9090-exec-1] o.s.web.servlet.DispatcherServlet        : FrameworkServlet 'dispatcherServlet': initialization started
2017-11-05 13:21:24.431  INFO 1496 --- [http-nio-9090-exec-1] o.s.web.servlet.DispatcherServlet        : FrameworkServlet 'dispatcherServlet': initialization completed in 15 ms
